
  Dropping all tables  213ms DONE

   INFO  Preparing database.  

  Creating migration table  155ms DONE

   INFO  Running migrations.  

  2014_10_12_000000_create_users_table  536ms FAIL

   Illuminate\Database\QueryException 

  SQLSTATE[42000]: Syntax error or access violation: 1071 La clé est trop longue. Longueur maximale: 1000 (Connection: mysql, SQL: alter table `users` add unique `users_email_unique`(`email`))

  at vendor\laravel\framework\src\Illuminate\Database\Connection.php:829
    825▕                     $this->getName(), $query, $this->prepareBindings($bindings), $e
    826▕                 );
    827▕             }
    828▕ 
  ➜ 829▕             throw new QueryException(
    830▕                 $this->getName(), $query, $this->prepareBindings($bindings), $e
    831▕             );
    832▕         }
    833▕     }

  1   vendor\laravel\framework\src\Illuminate\Database\Connection.php:587
      PDOException::("SQLSTATE[42000]: Syntax error or access violation: 1071 La clé est trop longue. Longueur maximale: 1000")

  2   vendor\laravel\framework\src\Illuminate\Database\Connection.php:587
      PDOStatement::execute()

